PHPUnit 3.7.28 by Sebastian Bergmann.

Configuration read from /home/pedro/projects/maltz/phpunit.xml

FFFFFFFFFFFFFFEEFFFFEEFFFFFFFFFFFFEEEEEEEEEEEEEEEEEEEFFFFFFFFFF  63 / 158 ( 39%)
FFFFFFFFEFFFFFFFFFF.FFFFFFEEFFFFEEEEEEEEEEFFFFFFF..F.FFFFFFFFFF 126 / 158 ( 79%)
FFFFFFFFFFFFFEFFFFFFEFE.FFFFFFEE

Time: 1.32 seconds, Memory: 16.25Mb

There were 41 errors:

1) Test\Model\CollectionTest::testInsert
Array to string conversion

/home/pedro/projects/maltz/src/Maltz/Mvc/DB.php:70
/home/pedro/projects/maltz/src/Maltz/Package/Content/Model/Collection.php:91
/home/pedro/projects/maltz/src/Maltz/Mvc/Model.php:53
/home/pedro/projects/maltz/tests/Test/Model/CollectionTest.php:24

2) Test\Model\CollectionTest::testUpdate
Array to string conversion

/home/pedro/projects/maltz/src/Maltz/Mvc/DB.php:70
/home/pedro/projects/maltz/src/Maltz/Package/Content/Model/Collection.php:113
/home/pedro/projects/maltz/src/Maltz/Mvc/Model.php:53
/home/pedro/projects/maltz/tests/Test/Model/CollectionTest.php:41

3) Test\Model\ContentTest::testInsert
Array to string conversion

/home/pedro/projects/maltz/src/Maltz/Mvc/DB.php:70
/home/pedro/projects/maltz/src/Maltz/Package/Content/Model/Content.php:96
/home/pedro/projects/maltz/src/Maltz/Mvc/Model.php:53
/home/pedro/projects/maltz/tests/Test/Model/ContentTest.php:30

4) Test\Model\ContentTest::testUpdate
Array to string conversion

/home/pedro/projects/maltz/src/Maltz/Mvc/DB.php:70
/home/pedro/projects/maltz/src/Maltz/Package/Content/Model/Content.php:120
/home/pedro/projects/maltz/src/Maltz/Mvc/Model.php:53
/home/pedro/projects/maltz/tests/Test/Model/ContentTest.php:53

5) Test\Ctrl\ContentTest::testFind
Invalid argument supplied for foreach()

/home/pedro/projects/maltz/vendor/rmccue/requests/library/Requests.php:684
/home/pedro/projects/maltz/vendor/rmccue/requests/library/Requests/Transport/cURL.php:227
/home/pedro/projects/maltz/vendor/rmccue/requests/library/Requests/Transport/cURL.php:91
/home/pedro/projects/maltz/vendor/rmccue/requests/library/Requests.php:317
/home/pedro/projects/maltz/vendor/rmccue/requests/library/Requests.php:194
/home/pedro/projects/maltz/tests/Test/CtrlTestCase.php:21
/home/pedro/projects/maltz/tests/Test/Ctrl/ContentTest.php:17

6) Test\Ctrl\ContentTest::testShow
Undefined variable: response

/home/pedro/projects/maltz/tests/Test/Ctrl/ContentTest.php:29

7) Test\Ctrl\ContentTest::testSave
Invalid argument supplied for foreach()

/home/pedro/projects/maltz/vendor/rmccue/requests/library/Requests.php:684
/home/pedro/projects/maltz/vendor/rmccue/requests/library/Requests/Transport/cURL.php:227
/home/pedro/projects/maltz/vendor/rmccue/requests/library/Requests/Transport/cURL.php:91
/home/pedro/projects/maltz/vendor/rmccue/requests/library/Requests.php:317
/home/pedro/projects/maltz/vendor/rmccue/requests/library/Requests.php:224
/home/pedro/projects/maltz/tests/Test/CtrlTestCase.php:28
/home/pedro/projects/maltz/tests/Test/Ctrl/ContentTest.php:42

8) Test\Ctrl\ContentTest::testDelete
Invalid argument supplied for foreach()

/home/pedro/projects/maltz/vendor/rmccue/requests/library/Requests.php:684
/home/pedro/projects/maltz/vendor/rmccue/requests/library/Requests/Transport/cURL.php:227
/home/pedro/projects/maltz/vendor/rmccue/requests/library/Requests/Transport/cURL.php:91
/home/pedro/projects/maltz/vendor/rmccue/requests/library/Requests.php:317
/home/pedro/projects/maltz/vendor/rmccue/requests/library/Requests.php:224
/home/pedro/projects/maltz/tests/Test/CtrlTestCase.php:28
/home/pedro/projects/maltz/tests/Test/Ctrl/ContentTest.php:53

9) Test\Ctrl\ContentTest::testTree
Undefined variable: response

/home/pedro/projects/maltz/tests/Test/Ctrl/ContentTest.php:63

10) Test\Ctrl\ContentTest::testShowAttachment
Undefined variable: response

/home/pedro/projects/maltz/tests/Test/Ctrl/ContentTest.php:75

11) Test\Ctrl\ContentTest::testAddAttachment
Invalid argument supplied for foreach()

/home/pedro/projects/maltz/vendor/rmccue/requests/library/Requests.php:684
/home/pedro/projects/maltz/vendor/rmccue/requests/library/Requests/Transport/cURL.php:227
/home/pedro/projects/maltz/vendor/rmccue/requests/library/Requests/Transport/cURL.php:91
/home/pedro/projects/maltz/vendor/rmccue/requests/library/Requests.php:317
/home/pedro/projects/maltz/vendor/rmccue/requests/library/Requests.php:224
/home/pedro/projects/maltz/tests/Test/CtrlTestCase.php:28
/home/pedro/projects/maltz/tests/Test/Ctrl/ContentTest.php:88

12) Test\Ctrl\ContentTest::testRemoveAttachment
Invalid argument supplied for foreach()

/home/pedro/projects/maltz/vendor/rmccue/requests/library/Requests.php:684
/home/pedro/projects/maltz/vendor/rmccue/requests/library/Requests/Transport/cURL.php:227
/home/pedro/projects/maltz/vendor/rmccue/requests/library/Requests/Transport/cURL.php:91
/home/pedro/projects/maltz/vendor/rmccue/requests/library/Requests.php:317
/home/pedro/projects/maltz/vendor/rmccue/requests/library/Requests.php:224
/home/pedro/projects/maltz/tests/Test/CtrlTestCase.php:28
/home/pedro/projects/maltz/tests/Test/Ctrl/ContentTest.php:99

13) Test\Ctrl\ContentTest::testAddMeta
Invalid argument supplied for foreach()

/home/pedro/projects/maltz/vendor/rmccue/requests/library/Requests.php:684
/home/pedro/projects/maltz/vendor/rmccue/requests/library/Requests/Transport/cURL.php:227
/home/pedro/projects/maltz/vendor/rmccue/requests/library/Requests/Transport/cURL.php:91
/home/pedro/projects/maltz/vendor/rmccue/requests/library/Requests.php:317
/home/pedro/projects/maltz/vendor/rmccue/requests/library/Requests.php:224
/home/pedro/projects/maltz/tests/Test/CtrlTestCase.php:28
/home/pedro/projects/maltz/tests/Test/Ctrl/ContentTest.php:110

14) Test\Ctrl\ContentTest::testRemoveMeta
Invalid argument supplied for foreach()

/home/pedro/projects/maltz/vendor/rmccue/requests/library/Requests.php:684
/home/pedro/projects/maltz/vendor/rmccue/requests/library/Requests/Transport/cURL.php:227
/home/pedro/projects/maltz/vendor/rmccue/requests/library/Requests/Transport/cURL.php:91
/home/pedro/projects/maltz/vendor/rmccue/requests/library/Requests.php:317
/home/pedro/projects/maltz/vendor/rmccue/requests/library/Requests.php:224
/home/pedro/projects/maltz/tests/Test/CtrlTestCase.php:28
/home/pedro/projects/maltz/tests/Test/Ctrl/ContentTest.php:121

15) Test\Ctrl\ContentTest::testFindArea
Undefined variable: response

/home/pedro/projects/maltz/tests/Test/Ctrl/ContentTest.php:131

16) Test\Ctrl\ContentTest::testShowArea
Undefined variable: response

/home/pedro/projects/maltz/tests/Test/Ctrl/ContentTest.php:143

17) Test\Ctrl\ContentTest::testAddBlockArea
Invalid argument supplied for foreach()

/home/pedro/projects/maltz/vendor/rmccue/requests/library/Requests.php:684
/home/pedro/projects/maltz/vendor/rmccue/requests/library/Requests/Transport/cURL.php:227
/home/pedro/projects/maltz/vendor/rmccue/requests/library/Requests/Transport/cURL.php:91
/home/pedro/projects/maltz/vendor/rmccue/requests/library/Requests.php:317
/home/pedro/projects/maltz/vendor/rmccue/requests/library/Requests.php:224
/home/pedro/projects/maltz/tests/Test/CtrlTestCase.php:28
/home/pedro/projects/maltz/tests/Test/Ctrl/ContentTest.php:156

18) Test\Ctrl\ContentTest::testRemoveBlockArea
Invalid argument supplied for foreach()

/home/pedro/projects/maltz/vendor/rmccue/requests/library/Requests.php:684
/home/pedro/projects/maltz/vendor/rmccue/requests/library/Requests/Transport/cURL.php:227
/home/pedro/projects/maltz/vendor/rmccue/requests/library/Requests/Transport/cURL.php:91
/home/pedro/projects/maltz/vendor/rmccue/requests/library/Requests.php:317
/home/pedro/projects/maltz/vendor/rmccue/requests/library/Requests.php:224
/home/pedro/projects/maltz/tests/Test/CtrlTestCase.php:28
/home/pedro/projects/maltz/tests/Test/Ctrl/ContentTest.php:167

19) Test\Ctrl\ContentTest::testDeleteArea
Invalid argument supplied for foreach()

/home/pedro/projects/maltz/vendor/rmccue/requests/library/Requests.php:684
/home/pedro/projects/maltz/vendor/rmccue/requests/library/Requests/Transport/cURL.php:227
/home/pedro/projects/maltz/vendor/rmccue/requests/library/Requests/Transport/cURL.php:91
/home/pedro/projects/maltz/vendor/rmccue/requests/library/Requests.php:317
/home/pedro/projects/maltz/vendor/rmccue/requests/library/Requests.php:224
/home/pedro/projects/maltz/tests/Test/CtrlTestCase.php:28
/home/pedro/projects/maltz/tests/Test/Ctrl/ContentTest.php:178

20) Test\Ctrl\ContentTest::testSaveArea
Invalid argument supplied for foreach()

/home/pedro/projects/maltz/vendor/rmccue/requests/library/Requests.php:684
/home/pedro/projects/maltz/vendor/rmccue/requests/library/Requests/Transport/cURL.php:227
/home/pedro/projects/maltz/vendor/rmccue/requests/library/Requests/Transport/cURL.php:91
/home/pedro/projects/maltz/vendor/rmccue/requests/library/Requests.php:317
/home/pedro/projects/maltz/vendor/rmccue/requests/library/Requests.php:224
/home/pedro/projects/maltz/tests/Test/CtrlTestCase.php:28
/home/pedro/projects/maltz/tests/Test/Ctrl/ContentTest.php:189

21) Test\Ctrl\ContentTest::testFindBlock
Undefined variable: response

/home/pedro/projects/maltz/tests/Test/Ctrl/ContentTest.php:199

22) Test\Ctrl\ContentTest::testDeleteBlock
Invalid argument supplied for foreach()

/home/pedro/projects/maltz/vendor/rmccue/requests/library/Requests.php:684
/home/pedro/projects/maltz/vendor/rmccue/requests/library/Requests/Transport/cURL.php:227
/home/pedro/projects/maltz/vendor/rmccue/requests/library/Requests/Transport/cURL.php:91
/home/pedro/projects/maltz/vendor/rmccue/requests/library/Requests.php:317
/home/pedro/projects/maltz/vendor/rmccue/requests/library/Requests.php:224
/home/pedro/projects/maltz/tests/Test/CtrlTestCase.php:28
/home/pedro/projects/maltz/tests/Test/Ctrl/ContentTest.php:230

23) Test\Ctrl\ContentTest::testBlockSave
Invalid argument supplied for foreach()

/home/pedro/projects/maltz/vendor/rmccue/requests/library/Requests.php:684
/home/pedro/projects/maltz/vendor/rmccue/requests/library/Requests/Transport/cURL.php:227
/home/pedro/projects/maltz/vendor/rmccue/requests/library/Requests/Transport/cURL.php:91
/home/pedro/projects/maltz/vendor/rmccue/requests/library/Requests.php:317
/home/pedro/projects/maltz/vendor/rmccue/requests/library/Requests.php:224
/home/pedro/projects/maltz/tests/Test/CtrlTestCase.php:28
/home/pedro/projects/maltz/tests/Test/Ctrl/ContentTest.php:261

24) Test\Model\ConfigTest::testGetValue
Exception: Invalid record

/home/pedro/projects/maltz/src/Maltz/Package/Sys/Model/Config.php:146
/home/pedro/projects/maltz/src/Maltz/Mvc/Model.php:53
/home/pedro/projects/maltz/tests/Test/Model/ConfigTest.php:42

25) Test\Model\TokenTest::testGenerate
Undefined variable: user_id

/home/pedro/projects/maltz/src/Maltz/Package/Sys/Model/Token.php:20
/home/pedro/projects/maltz/src/Maltz/Mvc/Model.php:53
/home/pedro/projects/maltz/tests/Test/Model/TokenTest.php:15

26) Test\Model\TokenTest::testValidate
Exception: Invalid Record

/home/pedro/projects/maltz/src/Maltz/Package/Sys/Model/Token.php:53
/home/pedro/projects/maltz/src/Maltz/Mvc/Model.php:53
/home/pedro/projects/maltz/tests/Test/Model/TokenTest.php:23

27) Test\Model\UserTest::testSignUp
Undefined variable: user_id

/home/pedro/projects/maltz/src/Maltz/Package/Sys/Model/Token.php:20
/home/pedro/projects/maltz/src/Maltz/Mvc/Model.php:53
/home/pedro/projects/maltz/src/Maltz/Package/Sys/Model/User.php:211
/home/pedro/projects/maltz/src/Maltz/Mvc/Model.php:53
/home/pedro/projects/maltz/tests/Test/Model/UserTest.php:57

28) Test\Model\UserTest::testRemember
Undefined variable: user_id

/home/pedro/projects/maltz/src/Maltz/Package/Sys/Model/Token.php:20
/home/pedro/projects/maltz/src/Maltz/Mvc/Model.php:53
/home/pedro/projects/maltz/src/Maltz/Package/Sys/Model/User.php:221
/home/pedro/projects/maltz/src/Maltz/Mvc/Model.php:53
/home/pedro/projects/maltz/tests/Test/Model/UserTest.php:64

29) Test\Model\UserTest::testForgot
Undefined variable: user_id

/home/pedro/projects/maltz/src/Maltz/Package/Sys/Model/Token.php:20
/home/pedro/projects/maltz/src/Maltz/Mvc/Model.php:53
/home/pedro/projects/maltz/src/Maltz/Package/Sys/Model/User.php:231
/home/pedro/projects/maltz/src/Maltz/Mvc/Model.php:53
/home/pedro/projects/maltz/tests/Test/Model/UserTest.php:70

30) Test\Model\UserTest::testValidate
Missing argument 2 for Maltz\Package\Sys\Model\User::validate()

/home/pedro/projects/maltz/src/Maltz/Package/Sys/Model/User.php:235
/home/pedro/projects/maltz/src/Maltz/Mvc/Model.php:53
/home/pedro/projects/maltz/tests/Test/Model/UserTest.php:76

31) Test\Model\CommentTest::testInsert
Missing argument 2 for Maltz\Mvc\Model::__construct(), called in /home/pedro/projects/maltz/src/Maltz/Mvc/Model.php on line 51 and defined

/home/pedro/projects/maltz/src/Maltz/Mvc/Model.php:12
/home/pedro/projects/maltz/src/Maltz/Mvc/Model.php:51
/home/pedro/projects/maltz/tests/Test/Model/CommentTest.php:20

32) Test\Model\CommentTest::testFind
Missing argument 2 for Maltz\Mvc\Model::__construct(), called in /home/pedro/projects/maltz/src/Maltz/Mvc/Model.php on line 51 and defined

/home/pedro/projects/maltz/src/Maltz/Mvc/Model.php:12
/home/pedro/projects/maltz/src/Maltz/Mvc/Model.php:51
/home/pedro/projects/maltz/tests/Test/Model/CommentTest.php:26

33) Test\Model\CommentTest::testFindByType
Missing argument 2 for Maltz\Mvc\Model::__construct(), called in /home/pedro/projects/maltz/src/Maltz/Mvc/Model.php on line 51 and defined

/home/pedro/projects/maltz/src/Maltz/Mvc/Model.php:12
/home/pedro/projects/maltz/src/Maltz/Mvc/Model.php:51
/home/pedro/projects/maltz/tests/Test/Model/CommentTest.php:31

34) Test\Model\CommentTest::testApprove
Missing argument 2 for Maltz\Mvc\Model::__construct(), called in /home/pedro/projects/maltz/src/Maltz/Mvc/Model.php on line 51 and defined

/home/pedro/projects/maltz/src/Maltz/Mvc/Model.php:12
/home/pedro/projects/maltz/src/Maltz/Mvc/Model.php:51
/home/pedro/projects/maltz/tests/Test/Model/CommentTest.php:36

35) Test\Model\CommentTest::testReprove
Missing argument 2 for Maltz\Mvc\Model::__construct(), called in /home/pedro/projects/maltz/src/Maltz/Mvc/Model.php on line 51 and defined

/home/pedro/projects/maltz/src/Maltz/Mvc/Model.php:12
/home/pedro/projects/maltz/src/Maltz/Mvc/Model.php:51
/home/pedro/projects/maltz/tests/Test/Model/CommentTest.php:41

36) Test\Model\CommentTest::testSetAsSpam
Missing argument 2 for Maltz\Mvc\Model::__construct(), called in /home/pedro/projects/maltz/src/Maltz/Mvc/Model.php on line 51 and defined

/home/pedro/projects/maltz/src/Maltz/Mvc/Model.php:12
/home/pedro/projects/maltz/src/Maltz/Mvc/Model.php:51
/home/pedro/projects/maltz/tests/Test/Model/CommentTest.php:46

37) Test\Model\ProjectTest::testCreateInvoice
Exception: Not a valid record.

/home/pedro/projects/maltz/src/Maltz/Package/Project/Model/Project.php:201
/home/pedro/projects/maltz/src/Maltz/Mvc/Model.php:53
/home/pedro/projects/maltz/tests/Test/Model/ProjectTest.php:110

38) Test\Model\TicketTest::testGetDev
Exception: Invalid record

/home/pedro/projects/maltz/src/Maltz/Package/Project/Model/Ticket.php:109
/home/pedro/projects/maltz/src/Maltz/Mvc/Model.php:53
/home/pedro/projects/maltz/tests/Test/Model/TicketTest.php:60

39) Test\Model\InvoiceTest::testUpdate
Exception: Invoices cannot be updated. Delete and create a new one.

/home/pedro/projects/maltz/src/Maltz/Package/Project/Model/Invoice.php:39
/home/pedro/projects/maltz/src/Maltz/Mvc/Model.php:53
/home/pedro/projects/maltz/tests/Test/Model/InvoiceTest.php:32

40) Test\Model\TimeTrackingTest::testStart
Missing argument 2 for Maltz\Package\Project\Model\TimeTracking::start()

/home/pedro/projects/maltz/src/Maltz/Package/Project/Model/TimeTracking.php:32
/home/pedro/projects/maltz/src/Maltz/Mvc/Model.php:53
/home/pedro/projects/maltz/tests/Test/Model/TimeTrackingTest.php:22

41) Test\Model\TimeTrackingTest::testStop
Exception: Nothing to stop.

/home/pedro/projects/maltz/src/Maltz/Package/Project/Model/TimeTracking.php:60
/home/pedro/projects/maltz/src/Maltz/Mvc/Model.php:53
/home/pedro/projects/maltz/tests/Test/Model/TimeTrackingTest.php:29

--


There were 112 failures:

1) Warning
No tests found in class "Test\Library\CollectionTest".


2) Warning
No tests found in class "Test\Library\CookieJarTest".


3) Warning
No tests found in class "Test\Library\CookieTest".


4) Warning
No tests found in class "Test\Library\FilesTest".


5) Warning
No tests found in class "Test\Library\SessionDataStoreTest".


6) Warning
No tests found in class "Test\Library\SessionTest".


7) Warning
No tests found in class "Test\Library\HashTest".


8) Warning
No tests found in class "Test\Library\NonceTest".


9) Warning
No tests found in class "Test\Library\PaginationTest".


10) Warning
No tests found in class "Test\Library\CorreiosTest".


11) Warning
No tests found in class "Test\Library\CurlResponseTest".


12) Warning
No tests found in class "Test\Library\CurlTest".


13) Warning
No tests found in class "Test\Library\FileReaderTest".


14) Warning
No tests found in class "Test\Library\FileWriterTest".


15) Test\Model\CollectionTest::testDisplay
Failed asserting that false is true.

/home/pedro/projects/maltz/tests/Test/ModelTestCase.php:26
/home/pedro/projects/maltz/tests/Test/ModelTestCase.php:32
/home/pedro/projects/maltz/tests/Test/Model/CollectionTest.php:48

16) Test\Model\CollectionTest::testFind
Failed asserting that false is true.

/home/pedro/projects/maltz/tests/Test/ModelTestCase.php:26
/home/pedro/projects/maltz/tests/Test/ModelTestCase.php:32
/home/pedro/projects/maltz/tests/Test/Model/CollectionTest.php:54

17) Test\Model\CollectionTest::testFindByType
Failed asserting that false is true.

/home/pedro/projects/maltz/tests/Test/ModelTestCase.php:26
/home/pedro/projects/maltz/tests/Test/ModelTestCase.php:32
/home/pedro/projects/maltz/tests/Test/Model/CollectionTest.php:61

18) Test\Model\CollectionTest::testShow
Failed asserting that false is true.

/home/pedro/projects/maltz/tests/Test/ModelTestCase.php:26
/home/pedro/projects/maltz/tests/Test/ModelTestCase.php:32
/home/pedro/projects/maltz/tests/Test/Model/CollectionTest.php:68

19) Test\Model\ContentTest::testShow
Failed asserting that false is true.

/home/pedro/projects/maltz/tests/Test/ModelTestCase.php:26
/home/pedro/projects/maltz/tests/Test/ModelTestCase.php:32
/home/pedro/projects/maltz/tests/Test/Model/ContentTest.php:61

20) Test\Model\ContentTest::testFind
Failed asserting that false is true.

/home/pedro/projects/maltz/tests/Test/ModelTestCase.php:26
/home/pedro/projects/maltz/tests/Test/ModelTestCase.php:32
/home/pedro/projects/maltz/tests/Test/Model/ContentTest.php:67

21) Test\Model\ContentTest::testFindByType
Failed asserting that false is true.

/home/pedro/projects/maltz/tests/Test/ModelTestCase.php:26
/home/pedro/projects/maltz/tests/Test/ModelTestCase.php:32
/home/pedro/projects/maltz/tests/Test/Model/ContentTest.php:74

22) Test\Model\ContentTest::testSetAsDraft
Failed asserting that false is true.

/home/pedro/projects/maltz/tests/Test/ModelTestCase.php:26
/home/pedro/projects/maltz/tests/Test/ModelTestCase.php:48
/home/pedro/projects/maltz/tests/Test/Model/ContentTest.php:81

23) Test\Model\ContentTest::testSetAsPending
Failed asserting that false is true.

/home/pedro/projects/maltz/tests/Test/ModelTestCase.php:26
/home/pedro/projects/maltz/tests/Test/ModelTestCase.php:48
/home/pedro/projects/maltz/tests/Test/Model/ContentTest.php:88

24) Test\Model\ContentTest::testPublish
Failed asserting that false is true.

/home/pedro/projects/maltz/tests/Test/ModelTestCase.php:26
/home/pedro/projects/maltz/tests/Test/ModelTestCase.php:48
/home/pedro/projects/maltz/tests/Test/Model/ContentTest.php:95

25) Test\Model\TermTest::testInsert
Failed asserting that false is true.

/home/pedro/projects/maltz/tests/Test/ModelTestCase.php:26
/home/pedro/projects/maltz/tests/Test/ModelTestCase.php:41
/home/pedro/projects/maltz/tests/Test/Model/TermTest.php:26

26) Test\Model\TermTest::testUpdate
Failed asserting that false is true.

/home/pedro/projects/maltz/tests/Test/ModelTestCase.php:26
/home/pedro/projects/maltz/tests/Test/ModelTestCase.php:48
/home/pedro/projects/maltz/tests/Test/Model/TermTest.php:44

27) Test\Model\TermTest::testShow
Failed asserting that false is true.

/home/pedro/projects/maltz/tests/Test/ModelTestCase.php:26
/home/pedro/projects/maltz/tests/Test/ModelTestCase.php:32
/home/pedro/projects/maltz/tests/Test/Model/TermTest.php:51

28) Test\Model\TermTest::testFind
Failed asserting that false is true.

/home/pedro/projects/maltz/tests/Test/ModelTestCase.php:26
/home/pedro/projects/maltz/tests/Test/ModelTestCase.php:32
/home/pedro/projects/maltz/tests/Test/Model/TermTest.php:57

29) Test\Model\TermTest::testDisplay
Failed asserting that false is true.

/home/pedro/projects/maltz/tests/Test/ModelTestCase.php:26
/home/pedro/projects/maltz/tests/Test/ModelTestCase.php:32
/home/pedro/projects/maltz/tests/Test/Model/TermTest.php:63

30) Test\Model\TermTest::testFindByType
Failed asserting that false is true.

/home/pedro/projects/maltz/tests/Test/ModelTestCase.php:26
/home/pedro/projects/maltz/tests/Test/ModelTestCase.php:32
/home/pedro/projects/maltz/tests/Test/Model/TermTest.php:70

31) Test\Model\AreaTest::testInsert
Failed asserting that false is true.

/home/pedro/projects/maltz/tests/Test/ModelTestCase.php:26
/home/pedro/projects/maltz/tests/Test/ModelTestCase.php:41
/home/pedro/projects/maltz/tests/Test/Model/AreaTest.php:22

32) Test\Model\AreaTest::testUpdate
Failed asserting that false is true.

/home/pedro/projects/maltz/tests/Test/ModelTestCase.php:26
/home/pedro/projects/maltz/tests/Test/ModelTestCase.php:48
/home/pedro/projects/maltz/tests/Test/Model/AreaTest.php:36

33) Test\Model\AreaTest::testDisplay
Failed asserting that false is true.

/home/pedro/projects/maltz/tests/Test/ModelTestCase.php:26
/home/pedro/projects/maltz/tests/Test/ModelTestCase.php:32
/home/pedro/projects/maltz/tests/Test/Model/AreaTest.php:42

34) Test\Model\AreaTest::testFind
Failed asserting that false is true.

/home/pedro/projects/maltz/tests/Test/ModelTestCase.php:26
/home/pedro/projects/maltz/tests/Test/ModelTestCase.php:32
/home/pedro/projects/maltz/tests/Test/Model/AreaTest.php:48

35) Test\Model\AreaTest::testShow
Failed asserting that false is true.

/home/pedro/projects/maltz/tests/Test/ModelTestCase.php:26
/home/pedro/projects/maltz/tests/Test/ModelTestCase.php:32
/home/pedro/projects/maltz/tests/Test/Model/AreaTest.php:55

36) Test\Model\AreaTest::testAddBlock
Failed asserting that false is true.

/home/pedro/projects/maltz/tests/Test/ModelTestCase.php:26
/home/pedro/projects/maltz/tests/Test/ModelTestCase.php:48
/home/pedro/projects/maltz/tests/Test/Model/AreaTest.php:63

37) Test\Model\AreaTest::testRemoveBlock
Failed asserting that false is true.

/home/pedro/projects/maltz/tests/Test/ModelTestCase.php:26
/home/pedro/projects/maltz/tests/Test/ModelTestCase.php:48
/home/pedro/projects/maltz/tests/Test/Model/AreaTest.php:70

38) Test\Model\AreaTest::testGetBlocks
Failed asserting that false is true.

/home/pedro/projects/maltz/tests/Test/ModelTestCase.php:26
/home/pedro/projects/maltz/tests/Test/ModelTestCase.php:32
/home/pedro/projects/maltz/tests/Test/Model/AreaTest.php:77

39) Test\Model\BlockTest::testInsert
Failed asserting that false is true.

/home/pedro/projects/maltz/tests/Test/ModelTestCase.php:26
/home/pedro/projects/maltz/tests/Test/ModelTestCase.php:41
/home/pedro/projects/maltz/tests/Test/Model/BlockTest.php:22

40) Test\Model\BlockTest::testUpdate
Failed asserting that false is true.

/home/pedro/projects/maltz/tests/Test/ModelTestCase.php:26
/home/pedro/projects/maltz/tests/Test/ModelTestCase.php:48
/home/pedro/projects/maltz/tests/Test/Model/BlockTest.php:36

41) Test\Model\BlockTest::testDelete
Failed asserting that false is true.

/home/pedro/projects/maltz/tests/Test/ModelTestCase.php:26
/home/pedro/projects/maltz/tests/Test/ModelTestCase.php:48
/home/pedro/projects/maltz/tests/Test/Model/BlockTest.php:43

42) Test\Model\BlockTest::testDisplay
Failed asserting that false is true.

/home/pedro/projects/maltz/tests/Test/ModelTestCase.php:26
/home/pedro/projects/maltz/tests/Test/ModelTestCase.php:32
/home/pedro/projects/maltz/tests/Test/Model/BlockTest.php:49

43) Test\Model\BlockTest::testFind
Failed asserting that false is true.

/home/pedro/projects/maltz/tests/Test/ModelTestCase.php:26
/home/pedro/projects/maltz/tests/Test/ModelTestCase.php:32
/home/pedro/projects/maltz/tests/Test/Model/BlockTest.php:55

44) Test\Model\BlockTest::testShow
Failed asserting that false is true.

/home/pedro/projects/maltz/tests/Test/ModelTestCase.php:26
/home/pedro/projects/maltz/tests/Test/ModelTestCase.php:32
/home/pedro/projects/maltz/tests/Test/Model/BlockTest.php:62

45) Test\Model\ConfigTest::testDisplay
Failed asserting that false is true.

/home/pedro/projects/maltz/tests/Test/ModelTestCase.php:26
/home/pedro/projects/maltz/tests/Test/ModelTestCase.php:32
/home/pedro/projects/maltz/tests/Test/Model/ConfigTest.php:15

46) Test\Model\ConfigTest::testFind
Failed asserting that false is true.

/home/pedro/projects/maltz/tests/Test/ModelTestCase.php:26
/home/pedro/projects/maltz/tests/Test/ModelTestCase.php:32
/home/pedro/projects/maltz/tests/Test/Model/ConfigTest.php:21

47) Test\Model\ConfigTest::testShow
Failed asserting that false is true.

/home/pedro/projects/maltz/tests/Test/ModelTestCase.php:26
/home/pedro/projects/maltz/tests/Test/ModelTestCase.php:32
/home/pedro/projects/maltz/tests/Test/Model/ConfigTest.php:28

48) Test\Model\ConfigTest::testSetValue
Failed asserting that false is true.

/home/pedro/projects/maltz/tests/Test/ModelTestCase.php:26
/home/pedro/projects/maltz/tests/Test/ModelTestCase.php:41
/home/pedro/projects/maltz/tests/Test/Model/ConfigTest.php:36

49) Test\Model\ConfigTest::testSetRefresh
Failed asserting that false is true.

/home/pedro/projects/maltz/tests/Test/ModelTestCase.php:26
/home/pedro/projects/maltz/tests/Test/ModelTestCase.php:48
/home/pedro/projects/maltz/tests/Test/Model/ConfigTest.php:50

50) Test\Model\ConfigTest::testRefresh
Failed asserting that false is true.

/home/pedro/projects/maltz/tests/Test/ModelTestCase.php:26
/home/pedro/projects/maltz/tests/Test/ModelTestCase.php:48
/home/pedro/projects/maltz/tests/Test/Model/ConfigTest.php:57

51) Test\Model\LogTest::testFind
Failed asserting that false is true.

/home/pedro/projects/maltz/tests/Test/ModelTestCase.php:26
/home/pedro/projects/maltz/tests/Test/ModelTestCase.php:32
/home/pedro/projects/maltz/tests/Test/Model/LogTest.php:15

52) Test\Model\LogTest::testInsert
Failed asserting that false is true.

/home/pedro/projects/maltz/tests/Test/ModelTestCase.php:26
/home/pedro/projects/maltz/tests/Test/ModelTestCase.php:41
/home/pedro/projects/maltz/tests/Test/Model/LogTest.php:27

53) Test\Model\LogTest::testLog
Failed asserting that null is an instance of class "\Maltz\Mvc\Result".

/home/pedro/projects/maltz/tests/Test/ModelTestCase.php:21
/home/pedro/projects/maltz/tests/Test/ModelTestCase.php:41
/home/pedro/projects/maltz/tests/Test/Model/LogTest.php:40

54) Test\Model\RoleTest::testDisplay
Failed asserting that false is true.

/home/pedro/projects/maltz/tests/Test/ModelTestCase.php:26
/home/pedro/projects/maltz/tests/Test/ModelTestCase.php:32
/home/pedro/projects/maltz/tests/Test/Model/RoleTest.php:15

55) Test\Model\RoleTest::testFind
Failed asserting that false is true.

/home/pedro/projects/maltz/tests/Test/ModelTestCase.php:26
/home/pedro/projects/maltz/tests/Test/ModelTestCase.php:32
/home/pedro/projects/maltz/tests/Test/Model/RoleTest.php:21

56) Test\Model\RoleTest::testShow
Failed asserting that false is true.

/home/pedro/projects/maltz/tests/Test/ModelTestCase.php:26
/home/pedro/projects/maltz/tests/Test/ModelTestCase.php:32
/home/pedro/projects/maltz/tests/Test/Model/RoleTest.php:28

57) Test\Model\RoleTest::testInsert
Failed asserting that false is true.

/home/pedro/projects/maltz/tests/Test/ModelTestCase.php:26
/home/pedro/projects/maltz/tests/Test/ModelTestCase.php:41
/home/pedro/projects/maltz/tests/Test/Model/RoleTest.php:40

58) Test\Model\RoleTest::testUpdate
Failed asserting that false is true.

/home/pedro/projects/maltz/tests/Test/ModelTestCase.php:26
/home/pedro/projects/maltz/tests/Test/ModelTestCase.php:48
/home/pedro/projects/maltz/tests/Test/Model/RoleTest.php:53

59) Test\Model\TypeTest::testDisplay
Failed asserting that false is true.

/home/pedro/projects/maltz/tests/Test/ModelTestCase.php:26
/home/pedro/projects/maltz/tests/Test/ModelTestCase.php:32
/home/pedro/projects/maltz/tests/Test/Model/TypeTest.php:15

60) Test\Model\TypeTest::testFind
Failed asserting that false is true.

/home/pedro/projects/maltz/tests/Test/ModelTestCase.php:26
/home/pedro/projects/maltz/tests/Test/ModelTestCase.php:32
/home/pedro/projects/maltz/tests/Test/Model/TypeTest.php:21

61) Test\Model\TypeTest::testShow
Failed asserting that false is true.

/home/pedro/projects/maltz/tests/Test/ModelTestCase.php:26
/home/pedro/projects/maltz/tests/Test/ModelTestCase.php:32
/home/pedro/projects/maltz/tests/Test/Model/TypeTest.php:28

62) Test\Model\TypeTest::testInsert
Failed asserting that false is true.

/home/pedro/projects/maltz/tests/Test/ModelTestCase.php:26
/home/pedro/projects/maltz/tests/Test/ModelTestCase.php:41
/home/pedro/projects/maltz/tests/Test/Model/TypeTest.php:39

63) Test\Model\TypeTest::testUpdate
Failed asserting that false is true.

/home/pedro/projects/maltz/tests/Test/ModelTestCase.php:26
/home/pedro/projects/maltz/tests/Test/ModelTestCase.php:48
/home/pedro/projects/maltz/tests/Test/Model/TypeTest.php:50

64) Test\Model\TypeTest::testDelete
Failed asserting that false is true.

/home/pedro/projects/maltz/tests/Test/ModelTestCase.php:26
/home/pedro/projects/maltz/tests/Test/ModelTestCase.php:48
/home/pedro/projects/maltz/tests/Test/Model/TypeTest.php:57

65) Test\Model\UserTest::testFind
Failed asserting that false is true.

/home/pedro/projects/maltz/tests/Test/ModelTestCase.php:26
/home/pedro/projects/maltz/tests/Test/ModelTestCase.php:32
/home/pedro/projects/maltz/tests/Test/Model/UserTest.php:15

66) Test\Model\UserTest::testShow
Failed asserting that false is true.

/home/pedro/projects/maltz/tests/Test/ModelTestCase.php:26
/home/pedro/projects/maltz/tests/Test/ModelTestCase.php:32
/home/pedro/projects/maltz/tests/Test/Model/UserTest.php:22

67) Test\Model\UserTest::testInsert
Failed asserting that false is true.

/home/pedro/projects/maltz/tests/Test/ModelTestCase.php:26
/home/pedro/projects/maltz/tests/Test/ModelTestCase.php:41
/home/pedro/projects/maltz/tests/Test/Model/UserTest.php:34

68) Test\Model\UserTest::testUpdate
Failed asserting that false is true.

/home/pedro/projects/maltz/tests/Test/ModelTestCase.php:26
/home/pedro/projects/maltz/tests/Test/ModelTestCase.php:48
/home/pedro/projects/maltz/tests/Test/Model/UserTest.php:46

69) Test\Model\CoordinateTest::testFind
Failed asserting that false is true.

/home/pedro/projects/maltz/tests/Test/ModelTestCase.php:26
/home/pedro/projects/maltz/tests/Test/ModelTestCase.php:32
/home/pedro/projects/maltz/tests/Test/Model/CoordinateTest.php:15

70) Test\Model\CoordinateTest::testShow
Failed asserting that false is true.

/home/pedro/projects/maltz/tests/Test/ModelTestCase.php:26
/home/pedro/projects/maltz/tests/Test/ModelTestCase.php:32
/home/pedro/projects/maltz/tests/Test/Model/CoordinateTest.php:22

71) Test\Model\CoordinateTest::testInsert
Failed asserting that false is true.

/home/pedro/projects/maltz/tests/Test/ModelTestCase.php:26
/home/pedro/projects/maltz/tests/Test/ModelTestCase.php:41
/home/pedro/projects/maltz/tests/Test/Model/CoordinateTest.php:34

72) Test\Model\PlaceTest::testFind
Failed asserting that false is true.

/home/pedro/projects/maltz/tests/Test/ModelTestCase.php:26
/home/pedro/projects/maltz/tests/Test/ModelTestCase.php:32
/home/pedro/projects/maltz/tests/Test/Model/PlaceTest.php:15

73) Test\Model\PlaceTest::testShow
Failed asserting that false is true.

/home/pedro/projects/maltz/tests/Test/ModelTestCase.php:26
/home/pedro/projects/maltz/tests/Test/ModelTestCase.php:32
/home/pedro/projects/maltz/tests/Test/Model/PlaceTest.php:22

74) Test\Model\PlaceTest::testInsert
Failed asserting that false is true.

/home/pedro/projects/maltz/tests/Test/ModelTestCase.php:26
/home/pedro/projects/maltz/tests/Test/ModelTestCase.php:41
/home/pedro/projects/maltz/tests/Test/Model/PlaceTest.php:34

75) Test\Model\PlaceTest::testUpdate
Failed asserting that false is true.

/home/pedro/projects/maltz/tests/Test/ModelTestCase.php:26
/home/pedro/projects/maltz/tests/Test/ModelTestCase.php:48
/home/pedro/projects/maltz/tests/Test/Model/PlaceTest.php:46

76) Test\Model\AddressTest::testInsert
Failed asserting that false is true.

/home/pedro/projects/maltz/tests/Test/ModelTestCase.php:26
/home/pedro/projects/maltz/tests/Test/ModelTestCase.php:41
/home/pedro/projects/maltz/tests/Test/Model/AddressTest.php:32

77) Test\Model\EstateTest::testFind
Failed asserting that false is true.

/home/pedro/projects/maltz/tests/Test/ModelTestCase.php:26
/home/pedro/projects/maltz/tests/Test/ModelTestCase.php:32
/home/pedro/projects/maltz/tests/Test/Model/EstateTest.php:15

78) Test\Model\EstateTest::testShow
Failed asserting that false is true.

/home/pedro/projects/maltz/tests/Test/ModelTestCase.php:26
/home/pedro/projects/maltz/tests/Test/ModelTestCase.php:32
/home/pedro/projects/maltz/tests/Test/Model/EstateTest.php:22

79) Test\Model\EstateTest::testInsert
Failed asserting that false is true.

/home/pedro/projects/maltz/tests/Test/ModelTestCase.php:26
/home/pedro/projects/maltz/tests/Test/ModelTestCase.php:41
/home/pedro/projects/maltz/tests/Test/Model/EstateTest.php:34

80) Test\Model\EstateTest::testUpdate
Failed asserting that false is true.

/home/pedro/projects/maltz/tests/Test/ModelTestCase.php:26
/home/pedro/projects/maltz/tests/Test/ModelTestCase.php:48
/home/pedro/projects/maltz/tests/Test/Model/EstateTest.php:46

81) Warning
No tests found in class "Test\Model\CartTest".


82) Warning
No tests found in class "Test\Model\OrderTest".


83) Warning
No tests found in class "Test\Model\OrderItemTest".


84) Warning
No tests found in class "Test\Model\PaymentTest".


85) Warning
No tests found in class "Test\Model\ProductTest".


86) Warning
No tests found in class "Test\Model\ShipmentTest".


87) Warning
No tests found in class "Test\Model\StoreTest".


88) Test\Model\ProjectTest::testInsert
Failed asserting that false is true.

/home/pedro/projects/maltz/tests/Test/ModelTestCase.php:26
/home/pedro/projects/maltz/tests/Test/ModelTestCase.php:41
/home/pedro/projects/maltz/tests/Test/Model/ProjectTest.php:21

89) Test\Model\ProjectTest::testUpdate
Failed asserting that false is true.

/home/pedro/projects/maltz/tests/Test/ModelTestCase.php:26
/home/pedro/projects/maltz/tests/Test/ModelTestCase.php:48
/home/pedro/projects/maltz/tests/Test/Model/ProjectTest.php:33

90) Test\Model\ProjectTest::testShow
Failed asserting that false is true.

/home/pedro/projects/maltz/tests/Test/ModelTestCase.php:26
/home/pedro/projects/maltz/tests/Test/ModelTestCase.php:32
/home/pedro/projects/maltz/tests/Test/Model/ProjectTest.php:40

91) Test\Model\ProjectTest::testFind
Failed asserting that false is true.

/home/pedro/projects/maltz/tests/Test/ModelTestCase.php:26
/home/pedro/projects/maltz/tests/Test/ModelTestCase.php:32
/home/pedro/projects/maltz/tests/Test/Model/ProjectTest.php:46

92) Test\Model\ProjectTest::testGetDevs
Failed asserting that false is true.

/home/pedro/projects/maltz/tests/Test/ModelTestCase.php:26
/home/pedro/projects/maltz/tests/Test/ModelTestCase.php:32
/home/pedro/projects/maltz/tests/Test/Model/ProjectTest.php:53

93) Test\Model\ProjectTest::testAddUser
Failed asserting that false is true.

/home/pedro/projects/maltz/tests/Test/ModelTestCase.php:26
/home/pedro/projects/maltz/tests/Test/ModelTestCase.php:48
/home/pedro/projects/maltz/tests/Test/Model/ProjectTest.php:61

94) Test\Model\ProjectTest::testRemoveUser
Failed asserting that false is true.

/home/pedro/projects/maltz/tests/Test/ModelTestCase.php:26
/home/pedro/projects/maltz/tests/Test/ModelTestCase.php:48
/home/pedro/projects/maltz/tests/Test/Model/ProjectTest.php:69

95) Test\Model\ProjectTest::testGetUsers
Failed asserting that false is true.

/home/pedro/projects/maltz/tests/Test/ModelTestCase.php:26
/home/pedro/projects/maltz/tests/Test/ModelTestCase.php:32
/home/pedro/projects/maltz/tests/Test/Model/ProjectTest.php:76

96) Test\Model\ProjectTest::testGetTickets
Failed asserting that false is true.

/home/pedro/projects/maltz/tests/Test/ModelTestCase.php:26
/home/pedro/projects/maltz/tests/Test/ModelTestCase.php:32
/home/pedro/projects/maltz/tests/Test/Model/ProjectTest.php:83

97) Test\Model\ProjectTest::testGetInvoices
Failed asserting that false is true.

/home/pedro/projects/maltz/tests/Test/ModelTestCase.php:26
/home/pedro/projects/maltz/tests/Test/ModelTestCase.php:32
/home/pedro/projects/maltz/tests/Test/Model/ProjectTest.php:90

98) Test\Model\ProjectTest::testGetBillableHours
Failed asserting that false is true.

/home/pedro/projects/maltz/tests/Test/ModelTestCase.php:26
/home/pedro/projects/maltz/tests/Test/ModelTestCase.php:32
/home/pedro/projects/maltz/tests/Test/Model/ProjectTest.php:97

99) Test\Model\ProjectTest::testCreateReport
Failed asserting that false is true.

/home/pedro/projects/maltz/tests/Test/ModelTestCase.php:26
/home/pedro/projects/maltz/tests/Test/ModelTestCase.php:32
/home/pedro/projects/maltz/tests/Test/Model/ProjectTest.php:104

100) Test\Model\TicketTest::testShow
Failed asserting that false is true.

/home/pedro/projects/maltz/tests/Test/ModelTestCase.php:26
/home/pedro/projects/maltz/tests/Test/ModelTestCase.php:32
/home/pedro/projects/maltz/tests/Test/Model/TicketTest.php:16

101) Test\Model\TicketTest::testInsert
Failed asserting that false is true.

/home/pedro/projects/maltz/tests/Test/ModelTestCase.php:26
/home/pedro/projects/maltz/tests/Test/ModelTestCase.php:41
/home/pedro/projects/maltz/tests/Test/Model/TicketTest.php:27

102) Test\Model\TicketTest::testFind
Failed asserting that false is true.

/home/pedro/projects/maltz/tests/Test/ModelTestCase.php:26
/home/pedro/projects/maltz/tests/Test/ModelTestCase.php:32
/home/pedro/projects/maltz/tests/Test/Model/TicketTest.php:33

103) Test\Model\TicketTest::testFindAll
Failed asserting that false is true.

/home/pedro/projects/maltz/tests/Test/ModelTestCase.php:26
/home/pedro/projects/maltz/tests/Test/ModelTestCase.php:32
/home/pedro/projects/maltz/tests/Test/Model/TicketTest.php:39

104) Test\Model\TicketTest::testChangePriority
Failed asserting that false is true.

/home/pedro/projects/maltz/tests/Test/ModelTestCase.php:26
/home/pedro/projects/maltz/tests/Test/ModelTestCase.php:48
/home/pedro/projects/maltz/tests/Test/Model/TicketTest.php:47

105) Test\Model\TicketTest::testClose
Failed asserting that false is true.

/home/pedro/projects/maltz/tests/Test/ModelTestCase.php:26
/home/pedro/projects/maltz/tests/Test/ModelTestCase.php:48
/home/pedro/projects/maltz/tests/Test/Model/TicketTest.php:54

106) Test\Model\InvoiceTest::testInsert
Failed asserting that false is true.

/home/pedro/projects/maltz/tests/Test/ModelTestCase.php:26
/home/pedro/projects/maltz/tests/Test/ModelTestCase.php:41
/home/pedro/projects/maltz/tests/Test/Model/InvoiceTest.php:21

107) Test\Model\InvoiceTest::testShow
Failed asserting that false is true.

/home/pedro/projects/maltz/tests/Test/ModelTestCase.php:26
/home/pedro/projects/maltz/tests/Test/ModelTestCase.php:32
/home/pedro/projects/maltz/tests/Test/Model/InvoiceTest.php:51

108) Test\Model\InvoiceTest::testFind
Failed asserting that false is true.

/home/pedro/projects/maltz/tests/Test/ModelTestCase.php:26
/home/pedro/projects/maltz/tests/Test/ModelTestCase.php:32
/home/pedro/projects/maltz/tests/Test/Model/InvoiceTest.php:57

109) Test\Model\InvoiceTest::testSetSent
Failed asserting that null is an instance of class "\Maltz\Mvc\Result".

/home/pedro/projects/maltz/tests/Test/ModelTestCase.php:21
/home/pedro/projects/maltz/tests/Test/ModelTestCase.php:48
/home/pedro/projects/maltz/tests/Test/Model/InvoiceTest.php:64

110) Test\Model\InvoiceTest::testSetContested
Failed asserting that null is an instance of class "\Maltz\Mvc\Result".

/home/pedro/projects/maltz/tests/Test/ModelTestCase.php:21
/home/pedro/projects/maltz/tests/Test/ModelTestCase.php:48
/home/pedro/projects/maltz/tests/Test/Model/InvoiceTest.php:71

111) Test\Model\InvoiceTest::testSetPaid
Failed asserting that null is an instance of class "\Maltz\Mvc\Result".

/home/pedro/projects/maltz/tests/Test/ModelTestCase.php:21
/home/pedro/projects/maltz/tests/Test/ModelTestCase.php:48
/home/pedro/projects/maltz/tests/Test/Model/InvoiceTest.php:78

112) Test\Model\TimeTrackingTest::testGetCurrentId
Failed asserting that false is true.

/home/pedro/projects/maltz/tests/Test/ModelTestCase.php:26
/home/pedro/projects/maltz/tests/Test/ModelTestCase.php:32
/home/pedro/projects/maltz/tests/Test/Model/TimeTrackingTest.php:16

FAILURES!
Tests: 158, Assertions: 439, Failures: 112, Errors: 41.
